c:\users\waghi\onedrive - fast national university\documents\visual studio 2022\project4\project4\x64\debug\vc143.pdb
c:\users\waghi\onedrive - fast national university\documents\visual studio 2022\project4\project4\x64\debug\teacherlogin.obj
c:\users\waghi\onedrive - fast national university\documents\visual studio 2022\project4\project4\x64\debug\teacherhome.obj
c:\users\waghi\onedrive - fast national university\documents\visual studio 2022\project4\project4\x64\debug\teacherdetails.obj
c:\users\waghi\onedrive - fast national university\documents\visual studio 2022\project4\project4\x64\debug\teacherdashboard.obj
c:\users\waghi\onedrive - fast national university\documents\visual studio 2022\project4\project4\x64\debug\studenthome.obj
c:\users\waghi\onedrive - fast national university\documents\visual studio 2022\project4\project4\x64\debug\studentdetailsbyteacher.obj
c:\users\waghi\onedrive - fast national university\documents\visual studio 2022\project4\project4\x64\debug\studentdetails.obj
c:\users\waghi\onedrive - fast national university\documents\visual studio 2022\project4\project4\x64\debug\studentdashboard.obj
c:\users\waghi\onedrive - fast national university\documents\visual studio 2022\project4\project4\x64\debug\myform.obj
c:\users\waghi\onedrive - fast national university\documents\visual studio 2022\project4\project4\x64\debug\editteacher.obj
c:\users\waghi\onedrive - fast national university\documents\visual studio 2022\project4\project4\x64\debug\editstudent.obj
c:\users\waghi\onedrive - fast national university\documents\visual studio 2022\project4\project4\x64\debug\classbyteacher.obj
c:\users\waghi\onedrive - fast national university\documents\visual studio 2022\project4\project4\x64\debug\classbystudent.obj
c:\users\waghi\onedrive - fast national university\documents\visual studio 2022\project4\project4\x64\debug\attendancebystudent.obj
c:\users\waghi\onedrive - fast national university\documents\visual studio 2022\project4\project4\x64\debug\attendancebyteacher.obj
c:\users\waghi\onedrive - fast national university\documents\visual studio 2022\project4\project4\x64\debug\administratorlogin.obj
c:\users\waghi\onedrive - fast national university\documents\visual studio 2022\project4\project4\x64\debug\adminhome.obj
c:\users\waghi\onedrive - fast national university\documents\visual studio 2022\project4\project4\x64\debug\admindashboard.obj
c:\users\waghi\onedrive - fast national university\documents\visual studio 2022\project4\project4\x64\debug\addteacher.obj
c:\users\waghi\onedrive - fast national university\documents\visual studio 2022\project4\project4\x64\debug\addstudent.obj
c:\users\waghi\onedrive - fast national university\documents\visual studio 2022\project4\project4\x64\debug\.netframework,version=v4.7.2.assemblyattributes.obj
c:\users\waghi\onedrive - fast national university\documents\visual studio 2022\project4\x64\debug\bunifu_ui_v1.52.dll
c:\users\waghi\onedrive - fast national university\documents\visual studio 2022\project4\x64\debug\guna.ui.dll
c:\users\waghi\onedrive - fast national university\documents\visual studio 2022\project4\x64\debug\oracle.dataaccess.dll
c:\users\waghi\onedrive - fast national university\documents\visual studio 2022\project4\x64\debug\project4.exe
c:\users\waghi\onedrive - fast national university\documents\visual studio 2022\project4\x64\debug\project4.pdb
c:\users\waghi\onedrive - fast national university\documents\visual studio 2022\project4\project4\x64\debug\project4.tlog\metagen.write.1.tlog
c:\users\waghi\onedrive - fast national university\documents\visual studio 2022\project4\project4\x64\debug\project4.tlog\cl.command.1.tlog
c:\users\waghi\onedrive - fast national university\documents\visual studio 2022\project4\project4\x64\debug\project4.tlog\cl.read.1.tlog
c:\users\waghi\onedrive - fast national university\documents\visual studio 2022\project4\project4\x64\debug\project4.tlog\cl.write.1.tlog
c:\users\waghi\onedrive - fast national university\documents\visual studio 2022\project4\project4\x64\debug\project4.tlog\copylocal.read.1u.tlog
c:\users\waghi\onedrive - fast national university\documents\visual studio 2022\project4\project4\x64\debug\project4.tlog\copylocal.write.1u.tlog
c:\users\waghi\onedrive - fast national university\documents\visual studio 2022\project4\project4\x64\debug\project4.tlog\link.command.1.tlog
c:\users\waghi\onedrive - fast national university\documents\visual studio 2022\project4\project4\x64\debug\project4.tlog\link.read.1.tlog
c:\users\waghi\onedrive - fast national university\documents\visual studio 2022\project4\project4\x64\debug\project4.tlog\link.write.1.tlog
c:\users\waghi\onedrive - fast national university\documents\visual studio 2022\project4\project4\x64\debug\project4.tlog\metagen.read.1.tlog
c:\users\waghi\onedrive - fast national university\documents\visual studio 2022\project4\project4\x64\debug\project4.tlog\resgen.command.1.tlog
c:\users\waghi\onedrive - fast national university\documents\visual studio 2022\project4\project4\x64\debug\project4.tlog\resgen.read.1.tlog
c:\users\waghi\onedrive - fast national university\documents\visual studio 2022\project4\project4\x64\debug\project4.tlog\resgen.write.1.tlog
c:\users\waghi\onedrive - fast national university\documents\visual studio 2022\project4\project4\x64\debug\project4.tlog\bunifu_ui_v1.52.dll.metagen
c:\users\waghi\onedrive - fast national university\documents\visual studio 2022\project4\project4\x64\debug\project4.tlog\guna.ui.dll.metagen
c:\users\waghi\onedrive - fast national university\documents\visual studio 2022\project4\project4\x64\debug\project4.tlog\oracle.dataaccess.dll.metagen
